{"/Users/andelarwanda/Desktop/mybckendwork/app.js": {"path":"/Users/andelarwanda/Desktop/mybckendwork/app.js","statementMap":{"0":{"start":{"line":1,"column":16},"end":{"line":1,"column":34}},"1":{"start":{"line":2,"column":0},"end":{"line":2,"column":27}},"2":{"start":{"line":3,"column":17},"end":{"line":3,"column":36}},"3":{"start":{"line":6,"column":15},"end":{"line":6,"column":49}},"4":{"start":{"line":7,"column":16},"end":{"line":7,"column":51}},"5":{"start":{"line":8,"column":16},"end":{"line":8,"column":53}},"6":{"start":{"line":9,"column":14},"end":{"line":9,"column":30}},"7":{"start":{"line":10,"column":12},"end":{"line":10,"column":21}},"8":{"start":{"line":11,"column":16},"end":{"line":39,"column":1}},"9":{"start":{"line":41,"column":14},"end":{"line":41,"column":35}},"10":{"start":{"line":43,"column":0},"end":{"line":43,"column":60}},"11":{"start":{"line":44,"column":8},"end":{"line":44,"column":32}},"12":{"start":{"line":45,"column":8},"end":{"line":45,"column":55}},"13":{"start":{"line":46,"column":8},"end":{"line":46,"column":28}},"14":{"start":{"line":47,"column":8},"end":{"line":47,"column":29}},"15":{"start":{"line":48,"column":8},"end":{"line":48,"column":29}},"16":{"start":{"line":50,"column":0},"end":{"line":52,"column":2}},"17":{"start":{"line":51,"column":4},"end":{"line":51,"column":49}},"18":{"start":{"line":55,"column":0},"end":{"line":55,"column":35}},"19":{"start":{"line":56,"column":4},"end":{"line":62,"column":6}},"20":{"start":{"line":58,"column":4},"end":{"line":58,"column":35}},"21":{"start":{"line":61,"column":8},"end":{"line":61,"column":26}}},"fnMap":{"0":{"name":"(anonymous_0)","decl":{"start":{"line":50,"column":16},"end":{"line":50,"column":17}},"loc":{"start":{"line":50,"column":27},"end":{"line":52,"column":1}},"line":50},"1":{"name":"(anonymous_1)","decl":{"start":{"line":56,"column":77},"end":{"line":56,"column":78}},"loc":{"start":{"line":56,"column":81},"end":{"line":60,"column":5}},"line":56},"2":{"name":"(anonymous_2)","decl":{"start":{"line":60,"column":13},"end":{"line":60,"column":14}},"loc":{"start":{"line":60,"column":22},"end":{"line":62,"column":5}},"line":60}},"branchMap":{},"s":{"0":3,"1":3,"2":3,"3":3,"4":3,"5":3,"6":3,"7":3,"8":3,"9":3,"10":3,"11":3,"12":3,"13":3,"14":3,"15":3,"16":3,"17":1,"18":3,"19":3,"20":3,"21":0},"f":{"0":1,"1":3,"2":0},"b":{},"_coverageSchema":"1a1c01bbd47fc00a2c39e90264f33305004495a9","hash":"512be7667f4916c1661ea99f1fbf9cc4af1e7fb2"}
,"/Users/andelarwanda/Desktop/mybckendwork/src/controllers/blogcontroller.js": {"path":"/Users/andelarwanda/Desktop/mybckendwork/src/controllers/blogcontroller.js","statementMap":{"0":{"start":{"line":1,"column":14},"end":{"line":1,"column":40}},"1":{"start":{"line":2,"column":17},"end":{"line":11,"column":1}},"2":{"start":{"line":3,"column":4},"end":{"line":9,"column":5}},"3":{"start":{"line":4,"column":22},"end":{"line":4,"column":40}},"4":{"start":{"line":5,"column":4},"end":{"line":5,"column":20}},"5":{"start":{"line":8,"column":8},"end":{"line":8,"column":44}},"6":{"start":{"line":13,"column":20},"end":{"line":21,"column":1}},"7":{"start":{"line":14,"column":20},"end":{"line":18,"column":6}},"8":{"start":{"line":19,"column":17},"end":{"line":19,"column":37}},"9":{"start":{"line":20,"column":4},"end":{"line":20,"column":31}},"10":{"start":{"line":23,"column":19},"end":{"line":36,"column":1}},"11":{"start":{"line":24,"column":4},"end":{"line":35,"column":5}},"12":{"start":{"line":25,"column":19},"end":{"line":25,"column":32}},"13":{"start":{"line":26,"column":8},"end":{"line":28,"column":10}},"14":{"start":{"line":29,"column":8},"end":{"line":29,"column":56}},"15":{"start":{"line":32,"column":8},"end":{"line":32,"column":26}},"16":{"start":{"line":33,"column":8},"end":{"line":33,"column":30}},"17":{"start":{"line":38,"column":19},"end":{"line":62,"column":1}},"18":{"start":{"line":39,"column":1},"end":{"line":61,"column":2}},"19":{"start":{"line":40,"column":13},"end":{"line":40,"column":26}},"20":{"start":{"line":41,"column":21},"end":{"line":42,"column":22}},"21":{"start":{"line":44,"column":2},"end":{"line":46,"column":3}},"22":{"start":{"line":45,"column":3},"end":{"line":45,"column":30}},"23":{"start":{"line":48,"column":8},"end":{"line":50,"column":3}},"24":{"start":{"line":49,"column":3},"end":{"line":49,"column":30}},"25":{"start":{"line":52,"column":2},"end":{"line":54,"column":3}},"26":{"start":{"line":53,"column":3},"end":{"line":53,"column":28}},"27":{"start":{"line":56,"column":2},"end":{"line":56,"column":19}},"28":{"start":{"line":57,"column":2},"end":{"line":57,"column":16}},"29":{"start":{"line":59,"column":2},"end":{"line":59,"column":17}},"30":{"start":{"line":60,"column":2},"end":{"line":60,"column":44}},"31":{"start":{"line":64,"column":19},"end":{"line":76,"column":6}},"32":{"start":{"line":65,"column":4},"end":{"line":76,"column":5}},"33":{"start":{"line":66,"column":19},"end":{"line":66,"column":32}},"34":{"start":{"line":67,"column":20},"end":{"line":69,"column":10}},"35":{"start":{"line":70,"column":8},"end":{"line":70,"column":34}},"36":{"start":{"line":73,"column":8},"end":{"line":73,"column":26}},"37":{"start":{"line":74,"column":8},"end":{"line":74,"column":46}},"38":{"start":{"line":78,"column":24},"end":{"line":96,"column":7}},"39":{"start":{"line":79,"column":8},"end":{"line":95,"column":9}},"40":{"start":{"line":80,"column":23},"end":{"line":80,"column":36}},"41":{"start":{"line":81,"column":25},"end":{"line":83,"column":14}},"42":{"start":{"line":84,"column":26},"end":{"line":88,"column":12}},"43":{"start":{"line":89,"column":10},"end":{"line":89,"column":31}},"44":{"start":{"line":90,"column":10},"end":{"line":90,"column":38}},"45":{"start":{"line":91,"column":10},"end":{"line":91,"column":28}},"46":{"start":{"line":92,"column":10},"end":{"line":92,"column":63}},"47":{"start":{"line":94,"column":10},"end":{"line":94,"column":72}}},"fnMap":{"0":{"name":"(anonymous_0)","decl":{"start":{"line":2,"column":17},"end":{"line":2,"column":18}},"loc":{"start":{"line":2,"column":33},"end":{"line":11,"column":1}},"line":2},"1":{"name":"(anonymous_1)","decl":{"start":{"line":13,"column":20},"end":{"line":13,"column":21}},"loc":{"start":{"line":13,"column":36},"end":{"line":21,"column":1}},"line":13},"2":{"name":"(anonymous_2)","decl":{"start":{"line":23,"column":19},"end":{"line":23,"column":20}},"loc":{"start":{"line":23,"column":37},"end":{"line":36,"column":1}},"line":23},"3":{"name":"(anonymous_3)","decl":{"start":{"line":38,"column":19},"end":{"line":38,"column":20}},"loc":{"start":{"line":38,"column":39},"end":{"line":62,"column":1}},"line":38},"4":{"name":"(anonymous_4)","decl":{"start":{"line":64,"column":19},"end":{"line":64,"column":20}},"loc":{"start":{"line":64,"column":35},"end":{"line":76,"column":6}},"line":64},"5":{"name":"(anonymous_5)","decl":{"start":{"line":78,"column":24},"end":{"line":78,"column":25}},"loc":{"start":{"line":78,"column":44},"end":{"line":96,"column":7}},"line":78}},"branchMap":{"0":{"loc":{"start":{"line":44,"column":2},"end":{"line":46,"column":3}},"type":"if","locations":[{"start":{"line":44,"column":2},"end":{"line":46,"column":3}},{"start":{},"end":{}}],"line":44},"1":{"loc":{"start":{"line":48,"column":8},"end":{"line":50,"column":3}},"type":"if","locations":[{"start":{"line":48,"column":8},"end":{"line":50,"column":3}},{"start":{},"end":{}}],"line":48},"2":{"loc":{"start":{"line":52,"column":2},"end":{"line":54,"column":3}},"type":"if","locations":[{"start":{"line":52,"column":2},"end":{"line":54,"column":3}},{"start":{},"end":{}}],"line":52}},"s":{"0":3,"1":3,"2":1,"3":1,"4":1,"5":0,"6":3,"7":3,"8":3,"9":3,"10":3,"11":1,"12":1,"13":1,"14":1,"15":0,"16":0,"17":3,"18":1,"19":1,"20":1,"21":1,"22":1,"23":1,"24":1,"25":1,"26":1,"27":1,"28":1,"29":0,"30":0,"31":3,"32":0,"33":0,"34":0,"35":0,"36":0,"37":0,"38":3,"39":0,"40":0,"41":0,"42":0,"43":0,"44":0,"45":0,"46":0,"47":0},"f":{"0":1,"1":3,"2":1,"3":1,"4":0,"5":0},"b":{"0":[1,0],"1":[1,0],"2":[1,0]},"_coverageSchema":"1a1c01bbd47fc00a2c39e90264f33305004495a9","hash":"477e9cdb97a57ac1c2401330aa8c36908ab25ae9"}
,"/Users/andelarwanda/Desktop/mybckendwork/src/controllers/messagecontroller.js": {"path":"/Users/andelarwanda/Desktop/mybckendwork/src/controllers/messagecontroller.js","statementMap":{"0":{"start":{"line":1,"column":17},"end":{"line":1,"column":46}},"1":{"start":{"line":2,"column":20},"end":{"line":11,"column":1}},"2":{"start":{"line":3,"column":4},"end":{"line":9,"column":5}},"3":{"start":{"line":4,"column":25},"end":{"line":4,"column":46}},"4":{"start":{"line":5,"column":4},"end":{"line":5,"column":23}},"5":{"start":{"line":8,"column":8},"end":{"line":8,"column":44}},"6":{"start":{"line":13,"column":23},"end":{"line":21,"column":1}},"7":{"start":{"line":14,"column":23},"end":{"line":18,"column":6}},"8":{"start":{"line":19,"column":20},"end":{"line":19,"column":43}},"9":{"start":{"line":20,"column":4},"end":{"line":20,"column":22}},"10":{"start":{"line":23,"column":22},"end":{"line":36,"column":1}},"11":{"start":{"line":24,"column":4},"end":{"line":35,"column":5}},"12":{"start":{"line":25,"column":19},"end":{"line":25,"column":32}},"13":{"start":{"line":26,"column":8},"end":{"line":28,"column":10}},"14":{"start":{"line":29,"column":8},"end":{"line":29,"column":59}},"15":{"start":{"line":32,"column":8},"end":{"line":32,"column":26}},"16":{"start":{"line":33,"column":8},"end":{"line":33,"column":30}},"17":{"start":{"line":38,"column":22},"end":{"line":62,"column":1}},"18":{"start":{"line":39,"column":1},"end":{"line":61,"column":2}},"19":{"start":{"line":40,"column":13},"end":{"line":40,"column":26}},"20":{"start":{"line":41,"column":24},"end":{"line":42,"column":22}},"21":{"start":{"line":44,"column":2},"end":{"line":46,"column":3}},"22":{"start":{"line":45,"column":3},"end":{"line":45,"column":39}},"23":{"start":{"line":48,"column":8},"end":{"line":50,"column":3}},"24":{"start":{"line":49,"column":3},"end":{"line":49,"column":33}},"25":{"start":{"line":52,"column":2},"end":{"line":54,"column":3}},"26":{"start":{"line":53,"column":3},"end":{"line":53,"column":31}},"27":{"start":{"line":56,"column":2},"end":{"line":56,"column":22}},"28":{"start":{"line":57,"column":2},"end":{"line":57,"column":19}},"29":{"start":{"line":59,"column":2},"end":{"line":59,"column":17}},"30":{"start":{"line":60,"column":2},"end":{"line":60,"column":55}},"31":{"start":{"line":64,"column":22},"end":{"line":76,"column":6}},"32":{"start":{"line":65,"column":4},"end":{"line":76,"column":5}},"33":{"start":{"line":66,"column":19},"end":{"line":66,"column":32}},"34":{"start":{"line":67,"column":23},"end":{"line":69,"column":10}},"35":{"start":{"line":70,"column":8},"end":{"line":70,"column":37}},"36":{"start":{"line":73,"column":8},"end":{"line":73,"column":26}},"37":{"start":{"line":74,"column":8},"end":{"line":74,"column":49}}},"fnMap":{"0":{"name":"(anonymous_0)","decl":{"start":{"line":2,"column":20},"end":{"line":2,"column":21}},"loc":{"start":{"line":2,"column":36},"end":{"line":11,"column":1}},"line":2},"1":{"name":"(anonymous_1)","decl":{"start":{"line":13,"column":23},"end":{"line":13,"column":24}},"loc":{"start":{"line":13,"column":39},"end":{"line":21,"column":1}},"line":13},"2":{"name":"(anonymous_2)","decl":{"start":{"line":23,"column":22},"end":{"line":23,"column":23}},"loc":{"start":{"line":23,"column":40},"end":{"line":36,"column":1}},"line":23},"3":{"name":"(anonymous_3)","decl":{"start":{"line":38,"column":22},"end":{"line":38,"column":23}},"loc":{"start":{"line":38,"column":42},"end":{"line":62,"column":1}},"line":38},"4":{"name":"(anonymous_4)","decl":{"start":{"line":64,"column":22},"end":{"line":64,"column":23}},"loc":{"start":{"line":64,"column":38},"end":{"line":76,"column":6}},"line":64}},"branchMap":{"0":{"loc":{"start":{"line":44,"column":2},"end":{"line":46,"column":3}},"type":"if","locations":[{"start":{"line":44,"column":2},"end":{"line":46,"column":3}},{"start":{},"end":{}}],"line":44},"1":{"loc":{"start":{"line":48,"column":8},"end":{"line":50,"column":3}},"type":"if","locations":[{"start":{"line":48,"column":8},"end":{"line":50,"column":3}},{"start":{},"end":{}}],"line":48},"2":{"loc":{"start":{"line":52,"column":2},"end":{"line":54,"column":3}},"type":"if","locations":[{"start":{"line":52,"column":2},"end":{"line":54,"column":3}},{"start":{},"end":{}}],"line":52}},"s":{"0":3,"1":3,"2":1,"3":1,"4":1,"5":0,"6":3,"7":3,"8":3,"9":3,"10":3,"11":1,"12":1,"13":1,"14":1,"15":0,"16":0,"17":3,"18":1,"19":1,"20":1,"21":1,"22":1,"23":1,"24":1,"25":1,"26":1,"27":1,"28":1,"29":0,"30":0,"31":3,"32":0,"33":0,"34":0,"35":0,"36":0,"37":0},"f":{"0":1,"1":3,"2":1,"3":1,"4":0},"b":{"0":[1,0],"1":[1,0],"2":[1,0]},"_coverageSchema":"1a1c01bbd47fc00a2c39e90264f33305004495a9","hash":"1a51b473d4686808413b6c99a560a1d553326829"}
,"/Users/andelarwanda/Desktop/mybckendwork/src/controllers/usercontroller.js": {"path":"/Users/andelarwanda/Desktop/mybckendwork/src/controllers/usercontroller.js","statementMap":{"0":{"start":{"line":1,"column":0},"end":{"line":1,"column":26}},"1":{"start":{"line":2,"column":14},"end":{"line":2,"column":40}},"2":{"start":{"line":3,"column":15},"end":{"line":3,"column":32}},"3":{"start":{"line":4,"column":12},"end":{"line":4,"column":35}},"4":{"start":{"line":5,"column":17},"end":{"line":14,"column":1}},"5":{"start":{"line":6,"column":4},"end":{"line":12,"column":5}},"6":{"start":{"line":7,"column":22},"end":{"line":7,"column":40}},"7":{"start":{"line":8,"column":4},"end":{"line":8,"column":20}},"8":{"start":{"line":11,"column":8},"end":{"line":11,"column":44}},"9":{"start":{"line":16,"column":20},"end":{"line":40,"column":1}},"10":{"start":{"line":17,"column":20},"end":{"line":21,"column":6}},"11":{"start":{"line":22,"column":18},"end":{"line":22,"column":31}},"12":{"start":{"line":23,"column":24},"end":{"line":23,"column":52}},"13":{"start":{"line":24,"column":4},"end":{"line":26,"column":5}},"14":{"start":{"line":25,"column":8},"end":{"line":25,"column":57}},"15":{"start":{"line":28,"column":4},"end":{"line":38,"column":6}},"16":{"start":{"line":29,"column":8},"end":{"line":35,"column":6}},"17":{"start":{"line":30,"column":9},"end":{"line":30,"column":25}},"18":{"start":{"line":31,"column":9},"end":{"line":31,"column":57}},"19":{"start":{"line":34,"column":9},"end":{"line":34,"column":32}},"20":{"start":{"line":36,"column":6},"end":{"line":36,"column":20}},"21":{"start":{"line":37,"column":5},"end":{"line":37,"column":34}},"22":{"start":{"line":42,"column":14},"end":{"line":55,"column":8}},"23":{"start":{"line":43,"column":4},"end":{"line":55,"column":7}},"24":{"start":{"line":44,"column":21},"end":{"line":44,"column":64}},"25":{"start":{"line":45,"column":8},"end":{"line":45,"column":92}},"26":{"start":{"line":45,"column":18},"end":{"line":45,"column":92}},"27":{"start":{"line":46,"column":22},"end":{"line":46,"column":75}},"28":{"start":{"line":47,"column":8},"end":{"line":50,"column":9}},"29":{"start":{"line":48,"column":10},"end":{"line":48,"column":73}},"30":{"start":{"line":49,"column":10},"end":{"line":49,"column":17}},"31":{"start":{"line":51,"column":28},"end":{"line":51,"column":76}},"32":{"start":{"line":52,"column":8},"end":{"line":52,"column":77}},"33":{"start":{"line":54,"column":8},"end":{"line":54,"column":69}},"34":{"start":{"line":57,"column":19},"end":{"line":70,"column":1}},"35":{"start":{"line":58,"column":4},"end":{"line":69,"column":5}},"36":{"start":{"line":59,"column":19},"end":{"line":59,"column":32}},"37":{"start":{"line":60,"column":8},"end":{"line":62,"column":10}},"38":{"start":{"line":63,"column":8},"end":{"line":63,"column":56}},"39":{"start":{"line":66,"column":8},"end":{"line":66,"column":26}},"40":{"start":{"line":67,"column":8},"end":{"line":67,"column":30}},"41":{"start":{"line":72,"column":19},"end":{"line":96,"column":1}},"42":{"start":{"line":73,"column":1},"end":{"line":95,"column":2}},"43":{"start":{"line":74,"column":13},"end":{"line":74,"column":26}},"44":{"start":{"line":75,"column":21},"end":{"line":76,"column":22}},"45":{"start":{"line":78,"column":2},"end":{"line":80,"column":3}},"46":{"start":{"line":79,"column":3},"end":{"line":79,"column":36}},"47":{"start":{"line":82,"column":8},"end":{"line":84,"column":3}},"48":{"start":{"line":83,"column":3},"end":{"line":83,"column":30}},"49":{"start":{"line":86,"column":2},"end":{"line":88,"column":3}},"50":{"start":{"line":87,"column":3},"end":{"line":87,"column":32}},"51":{"start":{"line":90,"column":2},"end":{"line":90,"column":19}},"52":{"start":{"line":91,"column":2},"end":{"line":91,"column":16}},"53":{"start":{"line":93,"column":2},"end":{"line":93,"column":17}},"54":{"start":{"line":94,"column":2},"end":{"line":94,"column":44}},"55":{"start":{"line":98,"column":19},"end":{"line":110,"column":6}},"56":{"start":{"line":99,"column":4},"end":{"line":110,"column":5}},"57":{"start":{"line":100,"column":19},"end":{"line":100,"column":32}},"58":{"start":{"line":101,"column":20},"end":{"line":103,"column":10}},"59":{"start":{"line":104,"column":8},"end":{"line":104,"column":34}},"60":{"start":{"line":107,"column":8},"end":{"line":107,"column":26}},"61":{"start":{"line":108,"column":8},"end":{"line":108,"column":46}}},"fnMap":{"0":{"name":"(anonymous_0)","decl":{"start":{"line":5,"column":17},"end":{"line":5,"column":18}},"loc":{"start":{"line":5,"column":33},"end":{"line":14,"column":1}},"line":5},"1":{"name":"(anonymous_1)","decl":{"start":{"line":16,"column":20},"end":{"line":16,"column":21}},"loc":{"start":{"line":16,"column":36},"end":{"line":40,"column":1}},"line":16},"2":{"name":"(anonymous_2)","decl":{"start":{"line":28,"column":36},"end":{"line":28,"column":37}},"loc":{"start":{"line":28,"column":48},"end":{"line":38,"column":5}},"line":28},"3":{"name":"(anonymous_3)","decl":{"start":{"line":42,"column":14},"end":{"line":42,"column":15}},"loc":{"start":{"line":42,"column":30},"end":{"line":55,"column":8}},"line":42},"4":{"name":"(anonymous_4)","decl":{"start":{"line":57,"column":19},"end":{"line":57,"column":20}},"loc":{"start":{"line":57,"column":37},"end":{"line":70,"column":1}},"line":57},"5":{"name":"(anonymous_5)","decl":{"start":{"line":72,"column":19},"end":{"line":72,"column":20}},"loc":{"start":{"line":72,"column":39},"end":{"line":96,"column":1}},"line":72},"6":{"name":"(anonymous_6)","decl":{"start":{"line":98,"column":19},"end":{"line":98,"column":20}},"loc":{"start":{"line":98,"column":35},"end":{"line":110,"column":6}},"line":98}},"branchMap":{"0":{"loc":{"start":{"line":24,"column":4},"end":{"line":26,"column":5}},"type":"if","locations":[{"start":{"line":24,"column":4},"end":{"line":26,"column":5}},{"start":{},"end":{}}],"line":24},"1":{"loc":{"start":{"line":29,"column":8},"end":{"line":35,"column":6}},"type":"if","locations":[{"start":{"line":29,"column":8},"end":{"line":35,"column":6}},{"start":{"line":33,"column":12},"end":{"line":35,"column":6}}],"line":29},"2":{"loc":{"start":{"line":45,"column":8},"end":{"line":45,"column":92}},"type":"if","locations":[{"start":{"line":45,"column":8},"end":{"line":45,"column":92}},{"start":{},"end":{}}],"line":45},"3":{"loc":{"start":{"line":47,"column":8},"end":{"line":50,"column":9}},"type":"if","locations":[{"start":{"line":47,"column":8},"end":{"line":50,"column":9}},{"start":{},"end":{}}],"line":47},"4":{"loc":{"start":{"line":78,"column":2},"end":{"line":80,"column":3}},"type":"if","locations":[{"start":{"line":78,"column":2},"end":{"line":80,"column":3}},{"start":{},"end":{}}],"line":78},"5":{"loc":{"start":{"line":82,"column":8},"end":{"line":84,"column":3}},"type":"if","locations":[{"start":{"line":82,"column":8},"end":{"line":84,"column":3}},{"start":{},"end":{}}],"line":82},"6":{"loc":{"start":{"line":86,"column":2},"end":{"line":88,"column":3}},"type":"if","locations":[{"start":{"line":86,"column":2},"end":{"line":88,"column":3}},{"start":{},"end":{}}],"line":86}},"s":{"0":3,"1":3,"2":3,"3":3,"4":3,"5":1,"6":1,"7":1,"8":0,"9":3,"10":0,"11":0,"12":0,"13":0,"14":0,"15":0,"16":0,"17":0,"18":0,"19":0,"20":0,"21":0,"22":3,"23":0,"24":0,"25":0,"26":0,"27":0,"28":0,"29":0,"30":0,"31":0,"32":0,"33":0,"34":3,"35":1,"36":1,"37":1,"38":0,"39":1,"40":1,"41":3,"42":1,"43":1,"44":1,"45":0,"46":0,"47":0,"48":0,"49":0,"50":0,"51":0,"52":0,"53":1,"54":1,"55":3,"56":0,"57":0,"58":0,"59":0,"60":0,"61":0},"f":{"0":1,"1":0,"2":0,"3":0,"4":1,"5":1,"6":0},"b":{"0":[0,0],"1":[0,0],"2":[0,0],"3":[0,0],"4":[0,0],"5":[0,0],"6":[0,0]},"_coverageSchema":"1a1c01bbd47fc00a2c39e90264f33305004495a9","hash":"69cd6eab3cb9e5c7acfed2fdbd0289b982907c32"}
,"/Users/andelarwanda/Desktop/mybckendwork/src/midleware/blogmidleware.js": {"path":"/Users/andelarwanda/Desktop/mybckendwork/src/midleware/blogmidleware.js","statementMap":{"0":{"start":{"line":2,"column":16},"end":{"line":9,"column":1}},"1":{"start":{"line":3,"column":28},"end":{"line":3,"column":83}},"2":{"start":{"line":4,"column":4},"end":{"line":6,"column":5}},"3":{"start":{"line":5,"column":8},"end":{"line":5,"column":61}},"4":{"start":{"line":8,"column":4},"end":{"line":8,"column":11}}},"fnMap":{"0":{"name":"(anonymous_0)","decl":{"start":{"line":2,"column":16},"end":{"line":2,"column":17}},"loc":{"start":{"line":2,"column":38},"end":{"line":9,"column":1}},"line":2}},"branchMap":{"0":{"loc":{"start":{"line":4,"column":4},"end":{"line":6,"column":5}},"type":"if","locations":[{"start":{"line":4,"column":4},"end":{"line":6,"column":5}},{"start":{},"end":{}}],"line":4}},"s":{"0":3,"1":3,"2":3,"3":0,"4":3},"f":{"0":3},"b":{"0":[0,3]},"_coverageSchema":"1a1c01bbd47fc00a2c39e90264f33305004495a9","hash":"20f179678eab8a8e1abf8a7fec552814b019515a"}
,"/Users/andelarwanda/Desktop/mybckendwork/src/midleware/jwtAuth.js": {"path":"/Users/andelarwanda/Desktop/mybckendwork/src/midleware/jwtAuth.js","statementMap":{"0":{"start":{"line":1,"column":12},"end":{"line":1,"column":35}},"1":{"start":{"line":2,"column":20},"end":{"line":13,"column":1}},"2":{"start":{"line":3,"column":4},"end":{"line":12,"column":5}},"3":{"start":{"line":4,"column":27},"end":{"line":4,"column":55}},"4":{"start":{"line":5,"column":22},"end":{"line":5,"column":60}},"5":{"start":{"line":6,"column":8},"end":{"line":6,"column":74}},"6":{"start":{"line":6,"column":19},"end":{"line":6,"column":74}},"7":{"start":{"line":7,"column":25},"end":{"line":7,"column":67}},"8":{"start":{"line":8,"column":8},"end":{"line":8,"column":28}},"9":{"start":{"line":9,"column":8},"end":{"line":9,"column":15}},"10":{"start":{"line":11,"column":8},"end":{"line":11,"column":67}}},"fnMap":{"0":{"name":"(anonymous_0)","decl":{"start":{"line":2,"column":20},"end":{"line":2,"column":21}},"loc":{"start":{"line":2,"column":37},"end":{"line":13,"column":1}},"line":2}},"branchMap":{"0":{"loc":{"start":{"line":5,"column":22},"end":{"line":5,"column":60}},"type":"binary-expr","locations":[{"start":{"line":5,"column":22},"end":{"line":5,"column":32}},{"start":{"line":5,"column":36},"end":{"line":5,"column":60}}],"line":5},"1":{"loc":{"start":{"line":6,"column":8},"end":{"line":6,"column":74}},"type":"if","locations":[{"start":{"line":6,"column":8},"end":{"line":6,"column":74}},{"start":{},"end":{}}],"line":6}},"s":{"0":3,"1":3,"2":3,"3":3,"4":3,"5":3,"6":3,"7":0,"8":0,"9":0,"10":0},"f":{"0":3},"b":{"0":[3,0],"1":[3,0]},"_coverageSchema":"1a1c01bbd47fc00a2c39e90264f33305004495a9","hash":"ee84549efc5722ece8decf9aeee1785d4943ab54"}
,"/Users/andelarwanda/Desktop/mybckendwork/src/midleware/messagemidleware.js": {"path":"/Users/andelarwanda/Desktop/mybckendwork/src/midleware/messagemidleware.js","statementMap":{"0":{"start":{"line":2,"column":19},"end":{"line":9,"column":1}},"1":{"start":{"line":3,"column":28},"end":{"line":3,"column":86}},"2":{"start":{"line":4,"column":4},"end":{"line":6,"column":5}},"3":{"start":{"line":5,"column":8},"end":{"line":5,"column":61}},"4":{"start":{"line":8,"column":4},"end":{"line":8,"column":11}}},"fnMap":{"0":{"name":"(anonymous_0)","decl":{"start":{"line":2,"column":19},"end":{"line":2,"column":20}},"loc":{"start":{"line":2,"column":41},"end":{"line":9,"column":1}},"line":2}},"branchMap":{"0":{"loc":{"start":{"line":4,"column":4},"end":{"line":6,"column":5}},"type":"if","locations":[{"start":{"line":4,"column":4},"end":{"line":6,"column":5}},{"start":{},"end":{}}],"line":4}},"s":{"0":3,"1":3,"2":3,"3":0,"4":3},"f":{"0":3},"b":{"0":[0,3]},"_coverageSchema":"1a1c01bbd47fc00a2c39e90264f33305004495a9","hash":"ee684be2754473e2b61f3a43b8d5dd26f0a23cad"}
,"/Users/andelarwanda/Desktop/mybckendwork/src/midleware/usermidleware.js": {"path":"/Users/andelarwanda/Desktop/mybckendwork/src/midleware/usermidleware.js","statementMap":{"0":{"start":{"line":2,"column":16},"end":{"line":9,"column":1}},"1":{"start":{"line":3,"column":28},"end":{"line":3,"column":83}},"2":{"start":{"line":4,"column":4},"end":{"line":6,"column":5}},"3":{"start":{"line":5,"column":8},"end":{"line":5,"column":61}},"4":{"start":{"line":8,"column":4},"end":{"line":8,"column":11}}},"fnMap":{"0":{"name":"(anonymous_0)","decl":{"start":{"line":2,"column":16},"end":{"line":2,"column":17}},"loc":{"start":{"line":2,"column":38},"end":{"line":9,"column":1}},"line":2}},"branchMap":{"0":{"loc":{"start":{"line":4,"column":4},"end":{"line":6,"column":5}},"type":"if","locations":[{"start":{"line":4,"column":4},"end":{"line":6,"column":5}},{"start":{},"end":{}}],"line":4}},"s":{"0":3,"1":3,"2":3,"3":0,"4":3},"f":{"0":3},"b":{"0":[0,3]},"_coverageSchema":"1a1c01bbd47fc00a2c39e90264f33305004495a9","hash":"b0cd5c412e437101042cbe6829f0efb79cd6ebef"}
,"/Users/andelarwanda/Desktop/mybckendwork/src/models/blogs.js": {"path":"/Users/andelarwanda/Desktop/mybckendwork/src/models/blogs.js","statementMap":{"0":{"start":{"line":1,"column":17},"end":{"line":1,"column":36}},"1":{"start":{"line":3,"column":19},"end":{"line":23,"column":2}},"2":{"start":{"line":24,"column":14},"end":{"line":24,"column":48}},"3":{"start":{"line":25,"column":0},"end":{"line":25,"column":23}}},"fnMap":{},"branchMap":{},"s":{"0":3,"1":3,"2":3,"3":3},"f":{},"b":{},"_coverageSchema":"1a1c01bbd47fc00a2c39e90264f33305004495a9","hash":"17f2afcc6f7c1503e13843132cff7e04cb0cd8af"}
,"/Users/andelarwanda/Desktop/mybckendwork/src/models/messages.js": {"path":"/Users/andelarwanda/Desktop/mybckendwork/src/models/messages.js","statementMap":{"0":{"start":{"line":1,"column":17},"end":{"line":1,"column":36}},"1":{"start":{"line":3,"column":22},"end":{"line":18,"column":2}},"2":{"start":{"line":19,"column":17},"end":{"line":19,"column":57}},"3":{"start":{"line":20,"column":0},"end":{"line":20,"column":26}}},"fnMap":{},"branchMap":{},"s":{"0":3,"1":3,"2":3,"3":3},"f":{},"b":{},"_coverageSchema":"1a1c01bbd47fc00a2c39e90264f33305004495a9","hash":"f8385efb1528ba982c55a26e977f9b8272287f2a"}
,"/Users/andelarwanda/Desktop/mybckendwork/src/models/users.js": {"path":"/Users/andelarwanda/Desktop/mybckendwork/src/models/users.js","statementMap":{"0":{"start":{"line":1,"column":17},"end":{"line":1,"column":36}},"1":{"start":{"line":3,"column":19},"end":{"line":20,"column":2}},"2":{"start":{"line":21,"column":14},"end":{"line":21,"column":48}},"3":{"start":{"line":22,"column":0},"end":{"line":22,"column":23}}},"fnMap":{},"branchMap":{},"s":{"0":3,"1":3,"2":3,"3":3},"f":{},"b":{},"_coverageSchema":"1a1c01bbd47fc00a2c39e90264f33305004495a9","hash":"27b84df352f6e0d50560b887c6a9bc7322e16544"}
,"/Users/andelarwanda/Desktop/mybckendwork/src/routes/blogroutes.js": {"path":"/Users/andelarwanda/Desktop/mybckendwork/src/routes/blogroutes.js","statementMap":{"0":{"start":{"line":1,"column":16},"end":{"line":1,"column":34}},"1":{"start":{"line":2,"column":14},"end":{"line":2,"column":40}},"2":{"start":{"line":6,"column":15},"end":{"line":6,"column":31}},"3":{"start":{"line":7,"column":0},"end":{"line":7,"column":30}},"4":{"start":{"line":8,"column":0},"end":{"line":8,"column":41}},"5":{"start":{"line":9,"column":0},"end":{"line":9,"column":39}},"6":{"start":{"line":10,"column":0},"end":{"line":10,"column":38}},"7":{"start":{"line":11,"column":0},"end":{"line":11,"column":36}},"8":{"start":{"line":12,"column":0},"end":{"line":12,"column":47}},"9":{"start":{"line":13,"column":0},"end":{"line":13,"column":23}}},"fnMap":{},"branchMap":{},"s":{"0":3,"1":3,"2":3,"3":3,"4":3,"5":3,"6":3,"7":3,"8":3,"9":3},"f":{},"b":{},"_coverageSchema":"1a1c01bbd47fc00a2c39e90264f33305004495a9","hash":"6d5b92defa4d7082b3d74f2517c586d5267239b9"}
,"/Users/andelarwanda/Desktop/mybckendwork/src/routes/messageroutes.js": {"path":"/Users/andelarwanda/Desktop/mybckendwork/src/routes/messageroutes.js","statementMap":{"0":{"start":{"line":1,"column":16},"end":{"line":1,"column":34}},"1":{"start":{"line":2,"column":17},"end":{"line":2,"column":46}},"2":{"start":{"line":5,"column":15},"end":{"line":5,"column":31}},"3":{"start":{"line":6,"column":0},"end":{"line":6,"column":36}},"4":{"start":{"line":7,"column":0},"end":{"line":7,"column":50}},"5":{"start":{"line":8,"column":0},"end":{"line":8,"column":45}},"6":{"start":{"line":9,"column":0},"end":{"line":9,"column":44}},"7":{"start":{"line":10,"column":0},"end":{"line":10,"column":42}},"8":{"start":{"line":11,"column":0},"end":{"line":11,"column":23}}},"fnMap":{},"branchMap":{},"s":{"0":3,"1":3,"2":3,"3":3,"4":3,"5":3,"6":3,"7":3,"8":3},"f":{},"b":{},"_coverageSchema":"1a1c01bbd47fc00a2c39e90264f33305004495a9","hash":"093dd7d5ad1a4c64c0a44dd67f04a35e0411f3b6"}
,"/Users/andelarwanda/Desktop/mybckendwork/src/routes/userrooutes.js": {"path":"/Users/andelarwanda/Desktop/mybckendwork/src/routes/userrooutes.js","statementMap":{"0":{"start":{"line":1,"column":16},"end":{"line":1,"column":34}},"1":{"start":{"line":2,"column":14},"end":{"line":2,"column":40}},"2":{"start":{"line":6,"column":15},"end":{"line":6,"column":31}},"3":{"start":{"line":81,"column":0},"end":{"line":81,"column":30}},"4":{"start":{"line":105,"column":0},"end":{"line":105,"column":54}},"5":{"start":{"line":133,"column":0},"end":{"line":133,"column":34}},"6":{"start":{"line":155,"column":0},"end":{"line":155,"column":39}},"7":{"start":{"line":185,"column":0},"end":{"line":185,"column":38}},"8":{"start":{"line":211,"column":0},"end":{"line":211,"column":36}},"9":{"start":{"line":212,"column":0},"end":{"line":212,"column":23}}},"fnMap":{},"branchMap":{},"s":{"0":3,"1":3,"2":3,"3":3,"4":3,"5":3,"6":3,"7":3,"8":3,"9":3},"f":{},"b":{},"_coverageSchema":"1a1c01bbd47fc00a2c39e90264f33305004495a9","hash":"153dbce766a644fbaff8c1c29e6be67087d3ebc7"}
,"/Users/andelarwanda/Desktop/mybckendwork/src/validation/blogvalidation.js": {"path":"/Users/andelarwanda/Desktop/mybckendwork/src/validation/blogvalidation.js","statementMap":{"0":{"start":{"line":2,"column":23},"end":{"line":6,"column":2}}},"fnMap":{},"branchMap":{},"s":{"0":3},"f":{},"b":{},"_coverageSchema":"1a1c01bbd47fc00a2c39e90264f33305004495a9","hash":"9c07699932e81420234ff2c07c01b82ada218ca5"}
,"/Users/andelarwanda/Desktop/mybckendwork/src/validation/messagevalidation.js": {"path":"/Users/andelarwanda/Desktop/mybckendwork/src/validation/messagevalidation.js","statementMap":{"0":{"start":{"line":2,"column":26},"end":{"line":6,"column":2}}},"fnMap":{},"branchMap":{},"s":{"0":3},"f":{},"b":{},"_coverageSchema":"1a1c01bbd47fc00a2c39e90264f33305004495a9","hash":"61a08598c2995efac967bf57e106b28714d3fadc"}
,"/Users/andelarwanda/Desktop/mybckendwork/src/validation/uservalidation.js": {"path":"/Users/andelarwanda/Desktop/mybckendwork/src/validation/uservalidation.js","statementMap":{"0":{"start":{"line":2,"column":23},"end":{"line":6,"column":2}}},"fnMap":{},"branchMap":{},"s":{"0":3},"f":{},"b":{},"_coverageSchema":"1a1c01bbd47fc00a2c39e90264f33305004495a9","hash":"57889d7e113c38dadab36dffeb48b2ab2bd1d48a"}
}
