TN:
SF:app.js
FN:50,(anonymous_0)
FN:56,(anonymous_1)
FN:60,(anonymous_2)
FNF:3
FNH:2
FNDA:1,(anonymous_0)
FNDA:3,(anonymous_1)
FNDA:0,(anonymous_2)
DA:1,3
DA:2,3
DA:3,3
DA:6,3
DA:7,3
DA:8,3
DA:9,3
DA:10,3
DA:11,3
DA:41,3
DA:43,3
DA:44,3
DA:45,3
DA:46,3
DA:47,3
DA:48,3
DA:50,3
DA:51,1
DA:55,3
DA:56,3
DA:58,3
DA:61,0
LF:22
LH:21
BRF:0
BRH:0
end_of_record
TN:
SF:src/controllers/blogcontroller.js
FN:2,(anonymous_0)
FN:13,(anonymous_1)
FN:23,(anonymous_2)
FN:38,(anonymous_3)
FN:64,(anonymous_4)
FN:78,(anonymous_5)
FNF:6
FNH:4
FNDA:1,(anonymous_0)
FNDA:3,(anonymous_1)
FNDA:1,(anonymous_2)
FNDA:1,(anonymous_3)
FNDA:0,(anonymous_4)
FNDA:0,(anonymous_5)
DA:1,3
DA:2,3
DA:3,1
DA:4,1
DA:5,1
DA:8,0
DA:13,3
DA:14,3
DA:19,3
DA:20,3
DA:23,3
DA:24,1
DA:25,1
DA:26,1
DA:29,1
DA:32,0
DA:33,0
DA:38,3
DA:39,1
DA:40,1
DA:41,1
DA:44,1
DA:45,1
DA:48,1
DA:49,1
DA:52,1
DA:53,1
DA:56,1
DA:57,1
DA:59,0
DA:60,0
DA:64,3
DA:65,0
DA:66,0
DA:67,0
DA:70,0
DA:73,0
DA:74,0
DA:78,3
DA:79,0
DA:80,0
DA:81,0
DA:84,0
DA:89,0
DA:90,0
DA:91,0
DA:92,0
DA:94,0
LF:48
LH:28
BRDA:44,0,0,1
BRDA:44,0,1,0
BRDA:48,1,0,1
BRDA:48,1,1,0
BRDA:52,2,0,1
BRDA:52,2,1,0
BRF:6
BRH:3
end_of_record
TN:
SF:src/controllers/messagecontroller.js
FN:2,(anonymous_0)
FN:13,(anonymous_1)
FN:23,(anonymous_2)
FN:38,(anonymous_3)
FN:64,(anonymous_4)
FNF:5
FNH:4
FNDA:1,(anonymous_0)
FNDA:3,(anonymous_1)
FNDA:1,(anonymous_2)
FNDA:1,(anonymous_3)
FNDA:0,(anonymous_4)
DA:1,3
DA:2,3
DA:3,1
DA:4,1
DA:5,1
DA:8,0
DA:13,3
DA:14,3
DA:19,3
DA:20,3
DA:23,3
DA:24,1
DA:25,1
DA:26,1
DA:29,1
DA:32,0
DA:33,0
DA:38,3
DA:39,1
DA:40,1
DA:41,1
DA:44,1
DA:45,1
DA:48,1
DA:49,1
DA:52,1
DA:53,1
DA:56,1
DA:57,1
DA:59,0
DA:60,0
DA:64,3
DA:65,0
DA:66,0
DA:67,0
DA:70,0
DA:73,0
DA:74,0
LF:38
LH:27
BRDA:44,0,0,1
BRDA:44,0,1,0
BRDA:48,1,0,1
BRDA:48,1,1,0
BRDA:52,2,0,1
BRDA:52,2,1,0
BRF:6
BRH:3
end_of_record
TN:
SF:src/controllers/usercontroller.js
FN:5,(anonymous_0)
FN:16,(anonymous_1)
FN:28,(anonymous_2)
FN:42,(anonymous_3)
FN:57,(anonymous_4)
FN:72,(anonymous_5)
FN:98,(anonymous_6)
FNF:7
FNH:3
FNDA:1,(anonymous_0)
FNDA:0,(anonymous_1)
FNDA:0,(anonymous_2)
FNDA:0,(anonymous_3)
FNDA:1,(anonymous_4)
FNDA:1,(anonymous_5)
FNDA:0,(anonymous_6)
DA:1,3
DA:2,3
DA:3,3
DA:4,3
DA:5,3
DA:6,1
DA:7,1
DA:8,1
DA:11,0
DA:16,3
DA:17,0
DA:22,0
DA:23,0
DA:24,0
DA:25,0
DA:28,0
DA:29,0
DA:30,0
DA:31,0
DA:34,0
DA:36,0
DA:37,0
DA:42,3
DA:43,0
DA:44,0
DA:45,0
DA:46,0
DA:47,0
DA:48,0
DA:49,0
DA:51,0
DA:52,0
DA:54,0
DA:57,3
DA:58,1
DA:59,1
DA:60,1
DA:63,0
DA:66,1
DA:67,1
DA:72,3
DA:73,1
DA:74,1
DA:75,1
DA:78,0
DA:79,0
DA:82,0
DA:83,0
DA:86,0
DA:87,0
DA:90,0
DA:91,0
DA:93,1
DA:94,1
DA:98,3
DA:99,0
DA:100,0
DA:101,0
DA:104,0
DA:107,0
DA:108,0
LF:61
LH:23
BRDA:24,0,0,0
BRDA:24,0,1,0
BRDA:29,1,0,0
BRDA:29,1,1,0
BRDA:45,2,0,0
BRDA:45,2,1,0
BRDA:47,3,0,0
BRDA:47,3,1,0
BRDA:78,4,0,0
BRDA:78,4,1,0
BRDA:82,5,0,0
BRDA:82,5,1,0
BRDA:86,6,0,0
BRDA:86,6,1,0
BRF:14
BRH:0
end_of_record
TN:
SF:src/midleware/blogmidleware.js
FN:2,(anonymous_0)
FNF:1
FNH:1
FNDA:3,(anonymous_0)
DA:2,3
DA:3,3
DA:4,3
DA:5,0
DA:8,3
LF:5
LH:4
BRDA:4,0,0,0
BRDA:4,0,1,3
BRF:2
BRH:1
end_of_record
TN:
SF:src/midleware/jwtAuth.js
FN:2,(anonymous_0)
FNF:1
FNH:1
FNDA:3,(anonymous_0)
DA:1,3
DA:2,3
DA:3,3
DA:4,3
DA:5,3
DA:6,3
DA:7,0
DA:8,0
DA:9,0
DA:11,0
LF:10
LH:6
BRDA:5,0,0,3
BRDA:5,0,1,0
BRDA:6,1,0,3
BRDA:6,1,1,0
BRF:4
BRH:2
end_of_record
TN:
SF:src/midleware/messagemidleware.js
FN:2,(anonymous_0)
FNF:1
FNH:1
FNDA:3,(anonymous_0)
DA:2,3
DA:3,3
DA:4,3
DA:5,0
DA:8,3
LF:5
LH:4
BRDA:4,0,0,0
BRDA:4,0,1,3
BRF:2
BRH:1
end_of_record
TN:
SF:src/midleware/usermidleware.js
FN:2,(anonymous_0)
FNF:1
FNH:1
FNDA:3,(anonymous_0)
DA:2,3
DA:3,3
DA:4,3
DA:5,0
DA:8,3
LF:5
LH:4
BRDA:4,0,0,0
BRDA:4,0,1,3
BRF:2
BRH:1
end_of_record
TN:
SF:src/models/blogs.js
FNF:0
FNH:0
DA:1,3
DA:3,3
DA:24,3
DA:25,3
LF:4
LH:4
BRF:0
BRH:0
end_of_record
TN:
SF:src/models/messages.js
FNF:0
FNH:0
DA:1,3
DA:3,3
DA:19,3
DA:20,3
LF:4
LH:4
BRF:0
BRH:0
end_of_record
TN:
SF:src/models/users.js
FNF:0
FNH:0
DA:1,3
DA:3,3
DA:21,3
DA:22,3
LF:4
LH:4
BRF:0
BRH:0
end_of_record
TN:
SF:src/routes/blogroutes.js
FNF:0
FNH:0
DA:1,3
DA:2,3
DA:6,3
DA:7,3
DA:8,3
DA:9,3
DA:10,3
DA:11,3
DA:12,3
DA:13,3
LF:10
LH:10
BRF:0
BRH:0
end_of_record
TN:
SF:src/routes/messageroutes.js
FNF:0
FNH:0
DA:1,3
DA:2,3
DA:5,3
DA:6,3
DA:7,3
DA:8,3
DA:9,3
DA:10,3
DA:11,3
LF:9
LH:9
BRF:0
BRH:0
end_of_record
TN:
SF:src/routes/userrooutes.js
FNF:0
FNH:0
DA:1,3
DA:2,3
DA:6,3
DA:81,3
DA:105,3
DA:133,3
DA:155,3
DA:185,3
DA:211,3
DA:212,3
LF:10
LH:10
BRF:0
BRH:0
end_of_record
TN:
SF:src/validation/blogvalidation.js
FNF:0
FNH:0
DA:2,3
LF:1
LH:1
BRF:0
BRH:0
end_of_record
TN:
SF:src/validation/messagevalidation.js
FNF:0
FNH:0
DA:2,3
LF:1
LH:1
BRF:0
BRH:0
end_of_record
TN:
SF:src/validation/uservalidation.js
FNF:0
FNH:0
DA:2,3
LF:1
LH:1
BRF:0
BRH:0
end_of_record
